<?xml version="1.0" encoding="UTF-8"?>
<!-- Generated by org.testng.reporters.JUnitXMLReporter -->
<testsuite ignored="6" hostname="DESKTOP-HNGLKMQ" failures="0" tests="3" name=" Regression Test" time="0.074" errors="0" timestamp="2022-09-23T13:18:14 IST">
  <testcase classname="GroupingInTestNG.TestCase1" name="Test3" time="0.006"/>
  <testcase classname="GroupingInTestNG.TestCase2" name="Test6" time="0.002"/>
  <testcase classname="GroupingInTestNG.TestCase3" name="Test9" time="0.001"/>
  <testcase classname="GroupingInTestNG.TestCase3" name="Test8" time="0.0">
    <ignored/>
  </testcase> <!-- Test8 -->
  <testcase classname="GroupingInTestNG.TestCase1" name="Test1" time="0.0">
    <ignored/>
  </testcase> <!-- Test1 -->
  <testcase classname="GroupingInTestNG.TestCase2" name="Test5" time="0.0">
    <ignored/>
  </testcase> <!-- Test5 -->
  <testcase classname="GroupingInTestNG.TestCase2" name="Test4" time="0.0">
    <ignored/>
  </testcase> <!-- Test4 -->
  <testcase classname="GroupingInTestNG.TestCase3" name="Test7" time="0.0">
    <ignored/>
  </testcase> <!-- Test7 -->
  <testcase classname="GroupingInTestNG.TestCase1" name="Test2" time="0.0">
    <ignored/>
  </testcase> <!-- Test2 -->
</testsuite> <!--  Regression Test -->
