<?xml version="1.0" encoding="UTF-8"?>
<!-- Generated by org.testng.reporters.JUnitXMLReporter -->
<testsuite ignored="0" hostname="DESKTOP-HNGLKMQ" failures="0" tests="6" name="Chrome Test" time="7.584" errors="0" timestamp="2022-09-28T14:01:18 IST">
  <testcase classname="CrossBrowser.AllBrowser" name="CrossbrowserTesting" time="6.056"/>
  <testcase classname="CrossBrowser.AllBrowser" name="VerifyCurrentUrl" time="0.07"/>
  <testcase classname="CrossBrowser.AllBrowser" name="getTitle" time="0.037"/>
  <testcase classname="CrossBrowser.AllBrowser" name="UsernameField" time="0.476"/>
  <testcase classname="CrossBrowser.AllBrowser" name="passwordField" time="0.397"/>
  <testcase classname="CrossBrowser.AllBrowser" name="ButtonField" time="0.428"/>
</testsuite> <!-- Chrome Test -->
