<?xml version="1.0" encoding="UTF-8"?>
<!-- Generated by org.testng.reporters.JUnitXMLReporter -->
<testsuite ignored="0" hostname="DESKTOP-HNGLKMQ" failures="0" tests="6" name="Firefox Browser test" time="24.789" errors="0" timestamp="2022-09-28T14:01:35 IST">
  <testcase classname="CrossBrowser.AllBrowser" name="CrossbrowserTesting" time="18.76"/>
  <testcase classname="CrossBrowser.AllBrowser" name="VerifyCurrentUrl" time="0.008"/>
  <testcase classname="CrossBrowser.AllBrowser" name="getTitle" time="0.008"/>
  <testcase classname="CrossBrowser.AllBrowser" name="UsernameField" time="0.428"/>
  <testcase classname="CrossBrowser.AllBrowser" name="passwordField" time="0.264"/>
  <testcase classname="CrossBrowser.AllBrowser" name="ButtonField" time="5.218"/>
</testsuite> <!-- Firefox Browser test -->
