<?xml version="1.0" encoding="UTF-8"?>
<!-- Generated by org.testng.reporters.JUnitXMLReporter -->
<testsuite ignored="0" hostname="DESKTOP-HNGLKMQ" failures="0" tests="6" name=" chrome Test" time="4.606" errors="0" timestamp="2022-09-28T13:05:40 IST">
  <testcase classname="CrossBrowser.AllBrowser" name="CrossbrowserTesting" time="4.034"/>
  <testcase classname="CrossBrowser.AllBrowser" name="VerifyCurrentUrl" time="0.031"/>
  <testcase classname="CrossBrowser.AllBrowser" name="getTitle" time="0.023"/>
  <testcase classname="CrossBrowser.AllBrowser" name="UsernameField" time="0.188"/>
  <testcase classname="CrossBrowser.AllBrowser" name="passwordField" time="0.148"/>
  <testcase classname="CrossBrowser.AllBrowser" name="ButtonField" time="0.09"/>
</testsuite> <!--  chrome Test -->
