<?xml version="1.0" encoding="UTF-8"?>
<testng-results ignored="0" total="6" passed="6" failed="0" skipped="0">
  <reporter-output>
  </reporter-output>
  <suite started-at="2022-10-08T23:03:09 IST" name="Cross Browser Suite" finished-at="2022-10-08T23:03:14 IST" duration-ms="4998">
    <groups>
    </groups>
    <test started-at="2022-10-08T23:03:09 IST" name="chrome Test" finished-at="2022-10-08T23:03:14 IST" duration-ms="4998">
      <class name="CrossBrowser.AllBrowser">
        <test-method signature="CrossbrowserTesting(java.lang.String)[pri:1, instance:CrossBrowser.AllBrowser@62e7f11d]" started-at="2022-10-08T23:03:10 IST" name="CrossbrowserTesting" finished-at="2022-10-08T23:03:14 IST" duration-ms="4427" status="PASS">
          <params>
            <param index="0">
              <value>
                <![CDATA[chrome]]>
              </value>
            </param>
          </params>
          <reporter-output>
          </reporter-output>
        </test-method> <!-- CrossbrowserTesting -->
        <test-method signature="VerifyCurrentUrl()[pri:2, instance:CrossBrowser.AllBrowser@62e7f11d]" started-at="2022-10-08T23:03:14 IST" name="VerifyCurrentUrl" finished-at="2022-10-08T23:03:14 IST" duration-ms="36" status="PASS">
          <reporter-output>
          </reporter-output>
        </test-method> <!-- VerifyCurrentUrl -->
        <test-method signature="getTitle()[pri:3, instance:CrossBrowser.AllBrowser@62e7f11d]" started-at="2022-10-08T23:03:14 IST" name="getTitle" finished-at="2022-10-08T23:03:14 IST" duration-ms="30" status="PASS">
          <reporter-output>
          </reporter-output>
        </test-method> <!-- getTitle -->
        <test-method signature="UsernameField()[pri:4, instance:CrossBrowser.AllBrowser@62e7f11d]" started-at="2022-10-08T23:03:14 IST" name="UsernameField" finished-at="2022-10-08T23:03:14 IST" duration-ms="199" status="PASS">
          <reporter-output>
          </reporter-output>
        </test-method> <!-- UsernameField -->
        <test-method signature="passwordField()[pri:5, instance:CrossBrowser.AllBrowser@62e7f11d]" started-at="2022-10-08T23:03:14 IST" name="passwordField" finished-at="2022-10-08T23:03:14 IST" duration-ms="123" status="PASS">
          <reporter-output>
          </reporter-output>
        </test-method> <!-- passwordField -->
        <test-method signature="ButtonField()[pri:6, instance:CrossBrowser.AllBrowser@62e7f11d]" started-at="2022-10-08T23:03:14 IST" name="ButtonField" finished-at="2022-10-08T23:03:14 IST" duration-ms="78" status="PASS">
          <reporter-output>
          </reporter-output>
        </test-method> <!-- ButtonField -->
      </class> <!-- CrossBrowser.AllBrowser -->
    </test> <!-- chrome Test -->
  </suite> <!-- Cross Browser Suite -->
</testng-results>
